<?xml version="1.0" encoding="UTF-8"?>
<testng-results ignored="0" total="1" passed="1" failed="0" skipped="0">
  <reporter-output>
  </reporter-output>
  <suite started-at="2026-04-24T20:05:19 IST" name="Default suite" finished-at="2026-04-24T20:05:51 IST" duration-ms="31947">
    <groups>
    </groups>
    <test started-at="2026-04-24T20:05:19 IST" name="Default test" finished-at="2026-04-24T20:05:51 IST" duration-ms="31947">
      <class name="Baseclasses.Shreekant">
        <test-method signature="M1()[pri:0, instance:Baseclasses.Shreekant@1e6a3214]" started-at="2026-04-24T20:05:19 IST" name="M1" finished-at="2026-04-24T20:05:51 IST" duration-ms="31886" status="PASS">
          <reporter-output>
          </reporter-output>
        </test-method> <!-- M1 -->
      </class> <!-- Baseclasses.Shreekant -->
    </test> <!-- Default test -->
  </suite> <!-- Default suite -->
</testng-results>
